0 info it worked if it ends with ok
1 verbose cli [ 'C:\\Program Files\\nodejs\\node.exe',
1 verbose cli   'C:\\Program Files\\nodejs\\node_modules\\npm\\bin\\npm-cli.js',
1 verbose cli   'run',
1 verbose cli   'test' ]
2 info using npm@3.10.3
3 info using node@v6.7.0
4 verbose run-script [ 'pretest', 'test', 'posttest' ]
5 info lifecycle pixi-driver@1.0.0~pretest: pixi-driver@1.0.0
6 silly lifecycle pixi-driver@1.0.0~pretest: no script for pretest, continuing
7 info lifecycle pixi-driver@1.0.0~test: pixi-driver@1.0.0
8 verbose lifecycle pixi-driver@1.0.0~test: unsafe-perm in lifecycle true
9 verbose lifecycle pixi-driver@1.0.0~test: PATH: C:\Program Files\nodejs\node_modules\npm\bin\node-gyp-bin;c:\Users\Yashi\Documents\Projects\pixi-driver\node_modules\.bin;C:\Program Files\nodejs;C:\ProgramData\Oracle\Java\javapath;C:\Windows\system32;C:\Windows;C:\Windows\System32\Wbem;C:\Windows\System32\WindowsPowerShell\v1.0\;C:\Users\Yashi\.dnx\bin;C:\Program Files\Microsoft DNX\Dnvm\;C:\Program Files\Microsoft SQL Server\120\Tools\Binn\;C:\Program Files\Microsoft SQL Server\130\Tools\Binn\;C:\Program Files\Git\cmd;C:\Program Files (x86)\NVIDIA Corporation\PhysX\Common;C:\Program Files\dotnet\;C:\ProgramData\chocolatey\bin;C:\Program Files\nodejs\;C:\Program Files\Redis\;C:\Program Files (x86)\Skype\Phone\;C:\Program Files\CouchDB\bin\;C:\Program Files\PostgreSQL\9.6\;C:\Users\Yashi\Documents\phantomjs\phantomjs-2.1.1-windows\bin\;C:\Program Files (x86)\Microsoft SDKs\F#\4.0\Framework\v4.0\;C:\Users\Yashi\.dnx\runtimes\dnx-clr-win-x86.1.0.0-rc1-update2\bin;C:\Users\Yashi\Anaconda3;C:\Users\Yashi\Anaconda3\Scripts;C:\Users\Yashi\Anaconda3\Library\bin;C:\Users\Yashi\AppData\Local\Continuum\Anaconda2;C:\Users\Yashi\AppData\Local\Continuum\Anaconda2\Scripts;C:\Users\Yashi\AppData\Local\Continuum\Anaconda2\Library\bin;C:\Users\Yashi\AppData\Local\Microsoft\WindowsApps;C:\Users\Yashi\AppData\Roaming\npm;C:\Users\Yashi\AppData\Local\atom\bin;C:\Program Files (x86)\Microsoft VS Code\bin;C:\Program Files\Docker Toolbox;C:\Users\Yashi\.lein\bin
10 verbose lifecycle pixi-driver@1.0.0~test: CWD: c:\Users\Yashi\Documents\Projects\pixi-driver
11 silly lifecycle pixi-driver@1.0.0~test: Args: [ '/d /s /c', 'mocha-phantomjs ./tests/runner.html' ]
12 silly lifecycle pixi-driver@1.0.0~test: Returned: code: 1  signal: null
13 info lifecycle pixi-driver@1.0.0~test: Failed to exec test script
14 verbose stack Error: pixi-driver@1.0.0 test: `mocha-phantomjs ./tests/runner.html`
14 verbose stack Exit status 1
14 verbose stack     at EventEmitter.<anonymous> (C:\Program Files\nodejs\node_modules\npm\lib\utils\lifecycle.js:242:16)
14 verbose stack     at emitTwo (events.js:106:13)
14 verbose stack     at EventEmitter.emit (events.js:191:7)
14 verbose stack     at ChildProcess.<anonymous> (C:\Program Files\nodejs\node_modules\npm\lib\utils\spawn.js:40:14)
14 verbose stack     at emitTwo (events.js:106:13)
14 verbose stack     at ChildProcess.emit (events.js:191:7)
14 verbose stack     at maybeClose (internal/child_process.js:877:16)
14 verbose stack     at Process.ChildProcess._handle.onexit (internal/child_process.js:226:5)
15 verbose pkgid pixi-driver@1.0.0
16 verbose cwd c:\Users\Yashi\Documents\Projects\pixi-driver
17 error Windows_NT 10.0.14393
18 error argv "C:\\Program Files\\nodejs\\node.exe" "C:\\Program Files\\nodejs\\node_modules\\npm\\bin\\npm-cli.js" "run" "test"
19 error node v6.7.0
20 error npm  v3.10.3
21 error code ELIFECYCLE
22 error pixi-driver@1.0.0 test: `mocha-phantomjs ./tests/runner.html`
22 error Exit status 1
23 error Failed at the pixi-driver@1.0.0 test script 'mocha-phantomjs ./tests/runner.html'.
23 error Make sure you have the latest version of node.js and npm installed.
23 error If you do, this is most likely a problem with the pixi-driver package,
23 error not with npm itself.
23 error Tell the author that this fails on your system:
23 error     mocha-phantomjs ./tests/runner.html
23 error You can get information on how to open an issue for this project with:
23 error     npm bugs pixi-driver
23 error Or if that isn't available, you can get their info via:
23 error     npm owner ls pixi-driver
23 error There is likely additional logging output above.
24 verbose exit [ 1, true ]
